<?xml version="1.0" encoding="UTF-8"?>
<testsuite name="works.hop.presso.mkdn.js.ExecuteJsTest" tests="1" skipped="0" failures="0" errors="0" timestamp="2023-12-15T22:43:42" hostname="DESKTOP-BU82G44" time="0.93">
  <properties/>
  <testcase name="eval()" classname="works.hop.presso.mkdn.js.ExecuteJsTest" time="0.93"/>
  <system-out><![CDATA[Fri Dec 15 2023 16:43:43 GMT-0600 (CST)
eval result: undefined
]]></system-out>
  <system-err><![CDATA[[To redirect Truffle log output to a file use one of the following options:
* '--log.file=<path>' if the option is passed using a guest language launcher.
* '-Dpolyglot.log.file=<path>' if the option is passed using the host Java launcher.
* Configure logging using the polyglot embedding API.]
[engine] WARNING: The polyglot engine uses a fallback runtime that does not support runtime compilation to native code.
Execution without runtime compilation will negatively impact the guest application performance.
The following cause was found: JVMCI is not enabled for this JVM. Enable JVMCI using -XX:+EnableJVMCI.
For more information see: https://www.graalvm.org/latest/reference-manual/embed-languages/.
To disable this warning use the '--engine.WarnInterpreterOnly=false' option or the '-Dpolyglot.engine.WarnInterpreterOnly=false' system property.
]]></system-err>
</testsuite>
